Analysis & Synthesis report for Projeto_2
Tue Jul 27 08:25:32 2021
Quartus Prime Version 20.1.0 Build 711 06/05/2020 SJ Lite Edition


---------------------
; Table of Contents ;
---------------------
  1. Legal Notice
  2. Analysis & Synthesis Summary
  3. Analysis & Synthesis Settings
  4. Parallel Compilation
  5. Analysis & Synthesis Source Files Read
  6. Analysis & Synthesis Resource Usage Summary
  7. Analysis & Synthesis Resource Utilization by Entity
  8. Registers Removed During Synthesis
  9. General Register Statistics
 10. Post-Synthesis Netlist Statistics for Top Partition
 11. Elapsed Time Per Partition
 12. Analysis & Synthesis Messages



----------------
; Legal Notice ;
----------------
Copyright (C) 2020  Intel Corporation. All rights reserved.
Your use of Intel Corporation's design tools, logic functions 
and other software and tools, and any partner logic 
functions, and any output files from any of the foregoing 
(including device programming or simulation files), and any 
associated documentation or information are expressly subject 
to the terms and conditions of the Intel Program License 
Subscription Agreement, the Intel Quartus Prime License Agreement,
the Intel FPGA IP License Agreement, or other applicable license
agreement, including, without limitation, that your use is for
the sole purpose of programming logic devices manufactured by
Intel and sold by Intel or its authorized distributors.  Please
refer to the applicable agreement for further details, at
https://fpgasoftware.intel.com/eula.



+----------------------------------------------------------------------------------+
; Analysis & Synthesis Summary                                                     ;
+------------------------------------+---------------------------------------------+
; Analysis & Synthesis Status        ; Successful - Tue Jul 27 08:25:32 2021       ;
; Quartus Prime Version              ; 20.1.0 Build 711 06/05/2020 SJ Lite Edition ;
; Revision Name                      ; Projeto_2                                   ;
; Top-level Entity Name              ; despertador                                 ;
; Family                             ; Cyclone IV E                                ;
; Total logic elements               ; 189                                         ;
;     Total combinational functions  ; 189                                         ;
;     Dedicated logic registers      ; 60                                          ;
; Total registers                    ; 60                                          ;
; Total pins                         ; 48                                          ;
; Total virtual pins                 ; 0                                           ;
; Total memory bits                  ; 0                                           ;
; Embedded Multiplier 9-bit elements ; 0                                           ;
; Total PLLs                         ; 0                                           ;
+------------------------------------+---------------------------------------------+


+------------------------------------------------------------------------------------------------------------+
; Analysis & Synthesis Settings                                                                              ;
+------------------------------------------------------------------+--------------------+--------------------+
; Option                                                           ; Setting            ; Default Value      ;
+------------------------------------------------------------------+--------------------+--------------------+
; Device                                                           ; EP4CE6E22C8        ;                    ;
; Top-level entity name                                            ; despertador        ; Projeto_2          ;
; Family name                                                      ; Cyclone IV E       ; Cyclone V          ;
; Use smart compilation                                            ; Off                ; Off                ;
; Enable parallel Assembler and Timing Analyzer during compilation ; On                 ; On                 ;
; Enable compact report table                                      ; Off                ; Off                ;
; Restructure Multiplexers                                         ; Auto               ; Auto               ;
; Create Debugging Nodes for IP Cores                              ; Off                ; Off                ;
; Preserve fewer node names                                        ; On                 ; On                 ;
; Intel FPGA IP Evaluation Mode                                    ; Enable             ; Enable             ;
; Verilog Version                                                  ; Verilog_2001       ; Verilog_2001       ;
; VHDL Version                                                     ; VHDL_1993          ; VHDL_1993          ;
; State Machine Processing                                         ; Auto               ; Auto               ;
; Safe State Machine                                               ; Off                ; Off                ;
; Extract Verilog State Machines                                   ; On                 ; On                 ;
; Extract VHDL State Machines                                      ; On                 ; On                 ;
; Ignore Verilog initial constructs                                ; Off                ; Off                ;
; Iteration limit for constant Verilog loops                       ; 5000               ; 5000               ;
; Iteration limit for non-constant Verilog loops                   ; 250                ; 250                ;
; Add Pass-Through Logic to Inferred RAMs                          ; On                 ; On                 ;
; Infer RAMs from Raw Logic                                        ; On                 ; On                 ;
; Parallel Synthesis                                               ; On                 ; On                 ;
; DSP Block Balancing                                              ; Auto               ; Auto               ;
; NOT Gate Push-Back                                               ; On                 ; On                 ;
; Power-Up Don't Care                                              ; On                 ; On                 ;
; Remove Redundant Logic Cells                                     ; Off                ; Off                ;
; Remove Duplicate Registers                                       ; On                 ; On                 ;
; Ignore CARRY Buffers                                             ; Off                ; Off                ;
; Ignore CASCADE Buffers                                           ; Off                ; Off                ;
; Ignore GLOBAL Buffers                                            ; Off                ; Off                ;
; Ignore ROW GLOBAL Buffers                                        ; Off                ; Off                ;
; Ignore LCELL Buffers                                             ; Off                ; Off                ;
; Ignore SOFT Buffers                                              ; On                 ; On                 ;
; Limit AHDL Integers to 32 Bits                                   ; Off                ; Off                ;
; Optimization Technique                                           ; Balanced           ; Balanced           ;
; Carry Chain Length                                               ; 70                 ; 70                 ;
; Auto Carry Chains                                                ; On                 ; On                 ;
; Auto Open-Drain Pins                                             ; On                 ; On                 ;
; Perform WYSIWYG Primitive Resynthesis                            ; Off                ; Off                ;
; Auto ROM Replacement                                             ; On                 ; On                 ;
; Auto RAM Replacement                                             ; On                 ; On                 ;
; Auto DSP Block Replacement                                       ; On                 ; On                 ;
; Auto Shift Register Replacement                                  ; Auto               ; Auto               ;
; Allow Shift Register Merging across Hierarchies                  ; Auto               ; Auto               ;
; Auto Clock Enable Replacement                                    ; On                 ; On                 ;
; Strict RAM Replacement                                           ; Off                ; Off                ;
; Allow Synchronous Control Signals                                ; On                 ; On                 ;
; Force Use of Synchronous Clear Signals                           ; Off                ; Off                ;
; Auto RAM Block Balancing                                         ; On                 ; On                 ;
; Auto RAM to Logic Cell Conversion                                ; Off                ; Off                ;
; Auto Resource Sharing                                            ; Off                ; Off                ;
; Allow Any RAM Size For Recognition                               ; Off                ; Off                ;
; Allow Any ROM Size For Recognition                               ; Off                ; Off                ;
; Allow Any Shift Register Size For Recognition                    ; Off                ; Off                ;
; Use LogicLock Constraints during Resource Balancing              ; On                 ; On                 ;
; Ignore translate_off and synthesis_off directives                ; Off                ; Off                ;
; Timing-Driven Synthesis                                          ; On                 ; On                 ;
; Report Parameter Settings                                        ; On                 ; On                 ;
; Report Source Assignments                                        ; On                 ; On                 ;
; Report Connectivity Checks                                       ; On                 ; On                 ;
; Ignore Maximum Fan-Out Assignments                               ; Off                ; Off                ;
; Synchronization Register Chain Length                            ; 2                  ; 2                  ;
; Power Optimization During Synthesis                              ; Normal compilation ; Normal compilation ;
; HDL message level                                                ; Level2             ; Level2             ;
; Suppress Register Optimization Related Messages                  ; Off                ; Off                ;
; Number of Removed Registers Reported in Synthesis Report         ; 5000               ; 5000               ;
; Number of Swept Nodes Reported in Synthesis Report               ; 5000               ; 5000               ;
; Number of Inverted Registers Reported in Synthesis Report        ; 100                ; 100                ;
; Clock MUX Protection                                             ; On                 ; On                 ;
; Auto Gated Clock Conversion                                      ; Off                ; Off                ;
; Block Design Naming                                              ; Auto               ; Auto               ;
; SDC constraint protection                                        ; Off                ; Off                ;
; Synthesis Effort                                                 ; Auto               ; Auto               ;
; Shift Register Replacement - Allow Asynchronous Clear Signal     ; On                 ; On                 ;
; Pre-Mapping Resynthesis Optimization                             ; Off                ; Off                ;
; Analysis & Synthesis Message Level                               ; Medium             ; Medium             ;
; Disable Register Merging Across Hierarchies                      ; Auto               ; Auto               ;
; Resource Aware Inference For Block RAM                           ; On                 ; On                 ;
+------------------------------------------------------------------+--------------------+--------------------+


+------------------------------------------+
; Parallel Compilation                     ;
+----------------------------+-------------+
; Processors                 ; Number      ;
+----------------------------+-------------+
; Number detected on machine ; 4           ;
; Maximum allowed            ; 4           ;
;                            ;             ;
; Average used               ; 1.00        ;
; Maximum used               ; 4           ;
;                            ;             ;
; Usage by Processor         ; % Time Used ;
;     Processor 1            ; 100.0%      ;
;     Processor 2            ;   0.0%      ;
;     Processors 3-4         ;   0.0%      ;
+----------------------------+-------------+


+----------------------------------------------------------------------------------------------------------------------------------------------------------------+
; Analysis & Synthesis Source Files Read                                                                                                                         ;
+----------------------------------+-----------------+-----------------------+-------------------------------------------------------------------------+---------+
; File Name with User-Entered Path ; Used in Netlist ; File Type             ; File Name with Absolute Path                                            ; Library ;
+----------------------------------+-----------------+-----------------------+-------------------------------------------------------------------------+---------+
; contador_mod_6.tdf               ; yes             ; User AHDL File        ; D:/GitHub/Despertador_AHDL/Despertador-AHDL/contador_mod_6.tdf          ;         ;
; contador_mod_10.tdf              ; yes             ; User AHDL File        ; D:/GitHub/Despertador_AHDL/Despertador-AHDL/contador_mod_10.tdf         ;         ;
; contador_mod_24.tdf              ; yes             ; User AHDL File        ; D:/GitHub/Despertador_AHDL/Despertador-AHDL/contador_mod_24.tdf         ;         ;
; BCD_7Segment_Decoder.tdf         ; yes             ; User AHDL File        ; D:/GitHub/Despertador_AHDL/Despertador-AHDL/BCD_7Segment_Decoder.tdf    ;         ;
; multiplexador_display.tdf        ; yes             ; User AHDL File        ; D:/GitHub/Despertador_AHDL/Despertador-AHDL/multiplexador_display.tdf   ;         ;
; 2x4_decoder.tdf                  ; yes             ; User AHDL File        ; D:/GitHub/Despertador_AHDL/Despertador-AHDL/2x4_decoder.tdf             ;         ;
; contador_mod_4.tdf               ; yes             ; User AHDL File        ; D:/GitHub/Despertador_AHDL/Despertador-AHDL/contador_mod_4.tdf          ;         ;
; despertador.tdf                  ; yes             ; User AHDL File        ; D:/GitHub/Despertador_AHDL/Despertador-AHDL/despertador.tdf             ;         ;
; contador_mod_5.tdf               ; yes             ; User AHDL File        ; D:/GitHub/Despertador_AHDL/Despertador-AHDL/contador_mod_5.tdf          ;         ;
; display_clock.tdf                ; yes             ; User AHDL File        ; D:/GitHub/Despertador_AHDL/Despertador-AHDL/display_clock.tdf           ;         ;
; frequencia_contador_1Hz.tdf      ; yes             ; User AHDL File        ; D:/GitHub/Despertador_AHDL/Despertador-AHDL/frequencia_contador_1Hz.tdf ;         ;
; selecionador_digito.tdf          ; yes             ; User AHDL File        ; D:/GitHub/Despertador_AHDL/Despertador-AHDL/selecionador_digito.tdf     ;         ;
; contador_mod_5.inc               ; yes             ; Auto-Found AHDL File  ; D:/GitHub/Despertador_AHDL/Despertador-AHDL/contador_mod_5.inc          ;         ;
; contador_mod_10.inc              ; yes             ; Auto-Found AHDL File  ; D:/GitHub/Despertador_AHDL/Despertador-AHDL/contador_mod_10.inc         ;         ;
; contador_mod_4.inc               ; yes             ; Auto-Found AHDL File  ; D:/GitHub/Despertador_AHDL/Despertador-AHDL/contador_mod_4.inc          ;         ;
; contador_mod_6.inc               ; yes             ; Auto-Found AHDL File  ; D:/GitHub/Despertador_AHDL/Despertador-AHDL/contador_mod_6.inc          ;         ;
; contador_mod_24.inc              ; yes             ; Auto-Found AHDL File  ; D:/GitHub/Despertador_AHDL/Despertador-AHDL/contador_mod_24.inc         ;         ;
; contador_clock.inc               ; yes             ; Auto-Found AHDL File  ; D:/GitHub/Despertador_AHDL/Despertador-AHDL/contador_clock.inc          ;         ;
; display_clock.inc                ; yes             ; Auto-Found AHDL File  ; D:/GitHub/Despertador_AHDL/Despertador-AHDL/display_clock.inc           ;         ;
; multiplexador_display.inc        ; yes             ; Auto-Found AHDL File  ; D:/GitHub/Despertador_AHDL/Despertador-AHDL/multiplexador_display.inc   ;         ;
; 2x4_decoder.inc                  ; yes             ; Auto-Found AHDL File  ; D:/GitHub/Despertador_AHDL/Despertador-AHDL/2x4_decoder.inc             ;         ;
; bcd_7segment_decoder.inc         ; yes             ; Auto-Found AHDL File  ; D:/GitHub/Despertador_AHDL/Despertador-AHDL/bcd_7segment_decoder.inc    ;         ;
; frequencia_contador_1hz.inc      ; yes             ; Auto-Found AHDL File  ; D:/GitHub/Despertador_AHDL/Despertador-AHDL/frequencia_contador_1hz.inc ;         ;
; selecionador_digito.inc          ; yes             ; Auto-Found AHDL File  ; D:/GitHub/Despertador_AHDL/Despertador-AHDL/selecionador_digito.inc     ;         ;
+----------------------------------+-----------------+-----------------------+-------------------------------------------------------------------------+---------+


+-----------------------------------------------------------+
; Analysis & Synthesis Resource Usage Summary               ;
+---------------------------------------------+-------------+
; Resource                                    ; Usage       ;
+---------------------------------------------+-------------+
; Estimated Total logic elements              ; 189         ;
;                                             ;             ;
; Total combinational functions               ; 189         ;
; Logic element usage by number of LUT inputs ;             ;
;     -- 4 input functions                    ; 91          ;
;     -- 3 input functions                    ; 61          ;
;     -- <=2 input functions                  ; 37          ;
;                                             ;             ;
; Logic elements by mode                      ;             ;
;     -- normal mode                          ; 189         ;
;     -- arithmetic mode                      ; 0           ;
;                                             ;             ;
; Total registers                             ; 60          ;
;     -- Dedicated logic registers            ; 60          ;
;     -- I/O registers                        ; 0           ;
;                                             ;             ;
; I/O pins                                    ; 48          ;
;                                             ;             ;
; Embedded Multiplier 9-bit elements          ; 0           ;
;                                             ;             ;
; Maximum fan-out node                        ; modo_ajuste ;
; Maximum fan-out                             ; 86          ;
; Total fan-out                               ; 855         ;
; Average fan-out                             ; 2.48        ;
+---------------------------------------------+-------------+


+------------------------------------------------------------------------------------------------------------------------------------------------------------------------------------------------------------------------------------------------------------------------------+
; Analysis & Synthesis Resource Utilization by Entity                                                                                                                                                                                                                          ;
+-----------------------------------------+---------------------+---------------------------+-------------+--------------+---------+-----------+------+--------------+----------------------------------------------------------------+-------------------------+--------------+
; Compilation Hierarchy Node              ; Combinational ALUTs ; Dedicated Logic Registers ; Memory Bits ; DSP Elements ; DSP 9x9 ; DSP 18x18 ; Pins ; Virtual Pins ; Full Hierarchy Name                                            ; Entity Name             ; Library Name ;
+-----------------------------------------+---------------------+---------------------------+-------------+--------------+---------+-----------+------+--------------+----------------------------------------------------------------+-------------------------+--------------+
; |despertador                            ; 189 (84)            ; 60 (14)                   ; 0           ; 0            ; 0       ; 0         ; 48   ; 0            ; |despertador                                                   ; despertador             ; work         ;
;    |2x4_decoder:decoder|                ; 4 (4)               ; 0 (0)                     ; 0           ; 0            ; 0       ; 0         ; 0    ; 0            ; |despertador|2x4_decoder:decoder                               ; 2x4_decoder             ; work         ;
;    |BCD_7Segment_Decoder:bcd_7Seg_dec|  ; 7 (7)               ; 0 (0)                     ; 0           ; 0            ; 0       ; 0         ; 0    ; 0            ; |despertador|BCD_7Segment_Decoder:bcd_7Seg_dec                 ; BCD_7Segment_Decoder    ; work         ;
;    |contador_mod_10:mod10_min|          ; 7 (7)               ; 4 (4)                     ; 0           ; 0            ; 0       ; 0         ; 0    ; 0            ; |despertador|contador_mod_10:mod10_min                         ; contador_mod_10         ; work         ;
;    |contador_mod_10:mod10_seg|          ; 7 (7)               ; 4 (4)                     ; 0           ; 0            ; 0       ; 0         ; 0    ; 0            ; |despertador|contador_mod_10:mod10_seg                         ; contador_mod_10         ; work         ;
;    |contador_mod_24:mod24|              ; 27 (27)             ; 6 (6)                     ; 0           ; 0            ; 0       ; 0         ; 0    ; 0            ; |despertador|contador_mod_24:mod24                             ; contador_mod_24         ; work         ;
;    |contador_mod_4:chaveador|           ; 2 (2)               ; 2 (2)                     ; 0           ; 0            ; 0       ; 0         ; 0    ; 0            ; |despertador|contador_mod_4:chaveador                          ; contador_mod_4          ; work         ;
;    |contador_mod_6:mod6_min|            ; 3 (3)               ; 3 (3)                     ; 0           ; 0            ; 0       ; 0         ; 0    ; 0            ; |despertador|contador_mod_6:mod6_min                           ; contador_mod_6          ; work         ;
;    |contador_mod_6:mod6_seg|            ; 3 (3)               ; 3 (3)                     ; 0           ; 0            ; 0       ; 0         ; 0    ; 0            ; |despertador|contador_mod_6:mod6_seg                           ; contador_mod_6          ; work         ;
;    |display_clock:refresh_clock|        ; 25 (1)              ; 17 (1)                    ; 0           ; 0            ; 0       ; 0         ; 0    ; 0            ; |despertador|display_clock:refresh_clock                       ; display_clock           ; work         ;
;       |contador_mod_10:mod10|           ; 8 (8)               ; 4 (4)                     ; 0           ; 0            ; 0       ; 0         ; 0    ; 0            ; |despertador|display_clock:refresh_clock|contador_mod_10:mod10 ; contador_mod_10         ; work         ;
;       |contador_mod_5:mod5_2|           ; 4 (4)               ; 3 (3)                     ; 0           ; 0            ; 0       ; 0         ; 0    ; 0            ; |despertador|display_clock:refresh_clock|contador_mod_5:mod5_2 ; contador_mod_5          ; work         ;
;       |contador_mod_5:mod5_3|           ; 4 (4)               ; 3 (3)                     ; 0           ; 0            ; 0       ; 0         ; 0    ; 0            ; |despertador|display_clock:refresh_clock|contador_mod_5:mod5_3 ; contador_mod_5          ; work         ;
;       |contador_mod_5:mod5_4|           ; 4 (4)               ; 3 (3)                     ; 0           ; 0            ; 0       ; 0         ; 0    ; 0            ; |despertador|display_clock:refresh_clock|contador_mod_5:mod5_4 ; contador_mod_5          ; work         ;
;       |contador_mod_5:mod5|             ; 4 (4)               ; 3 (3)                     ; 0           ; 0            ; 0       ; 0         ; 0    ; 0            ; |despertador|display_clock:refresh_clock|contador_mod_5:mod5   ; contador_mod_5          ; work         ;
;    |frequencia_contador_1Hz:cont_clock| ; 5 (5)               ; 4 (4)                     ; 0           ; 0            ; 0       ; 0         ; 0    ; 0            ; |despertador|frequencia_contador_1Hz:cont_clock                ; frequencia_contador_1Hz ; work         ;
;    |multiplexador_display:mux|          ; 9 (9)               ; 0 (0)                     ; 0           ; 0            ; 0       ; 0         ; 0    ; 0            ; |despertador|multiplexador_display:mux                         ; multiplexador_display   ; work         ;
;    |selecionador_digito:select_dig|     ; 6 (6)               ; 3 (3)                     ; 0           ; 0            ; 0       ; 0         ; 0    ; 0            ; |despertador|selecionador_digito:select_dig                    ; selecionador_digito     ; work         ;
+-----------------------------------------+---------------------+---------------------------+-------------+--------------+---------+-----------+------+--------------+----------------------------------------------------------------+-------------------------+--------------+
Note: For table entries with two numbers listed, the numbers in parentheses indicate the number of resources of the given type used by the specific entity alone. The numbers listed outside of parentheses indicate the total resources of the given type used by the specific entity and all of its sub-entities in the hierarchy.


+--------------------------------------------------------------------------------+
; Registers Removed During Synthesis                                             ;
+---------------------------------------+----------------------------------------+
; Register name                         ; Reason for Removal                     ;
+---------------------------------------+----------------------------------------+
; contador_mod_24:mod24|high[3]         ; Stuck at GND due to stuck port data_in ;
; acorda_min_d[3]                       ; Stuck at GND due to stuck port data_in ;
; acorda_hora_d[2,3]                    ; Stuck at GND due to stuck port data_in ;
; contador_mod_6:mod6_seg|count[3]      ; Stuck at GND due to stuck port data_in ;
; contador_mod_6:mod6_min|count[3]      ; Stuck at GND due to stuck port data_in ;
; contador_mod_24:mod24|high[2]         ; Stuck at GND due to stuck port data_in ;
; Total Number of Removed Registers = 7 ;                                        ;
+---------------------------------------+----------------------------------------+


+------------------------------------------------------+
; General Register Statistics                          ;
+----------------------------------------------+-------+
; Statistic                                    ; Value ;
+----------------------------------------------+-------+
; Total registers                              ; 60    ;
; Number of registers using Synchronous Clear  ; 0     ;
; Number of registers using Synchronous Load   ; 0     ;
; Number of registers using Asynchronous Clear ; 0     ;
; Number of registers using Asynchronous Load  ; 0     ;
; Number of registers using Clock Enable       ; 30    ;
; Number of registers using Preset             ; 0     ;
+----------------------------------------------+-------+


+-----------------------------------------------------+
; Post-Synthesis Netlist Statistics for Top Partition ;
+-----------------------+-----------------------------+
; Type                  ; Count                       ;
+-----------------------+-----------------------------+
; boundary_port         ; 48                          ;
; cycloneiii_ff         ; 60                          ;
;     ENA               ; 30                          ;
;     plain             ; 30                          ;
; cycloneiii_lcell_comb ; 193                         ;
;     normal            ; 193                         ;
;         0 data inputs ; 1                           ;
;         1 data inputs ; 6                           ;
;         2 data inputs ; 34                          ;
;         3 data inputs ; 61                          ;
;         4 data inputs ; 91                          ;
;                       ;                             ;
; Max LUT depth         ; 6.00                        ;
; Average LUT depth     ; 2.89                        ;
+-----------------------+-----------------------------+


+-------------------------------+
; Elapsed Time Per Partition    ;
+----------------+--------------+
; Partition Name ; Elapsed Time ;
+----------------+--------------+
; Top            ; 00:00:01     ;
+----------------+--------------+


+-------------------------------+
; Analysis & Synthesis Messages ;
+-------------------------------+
Info: *******************************************************************
Info: Running Quartus Prime Analysis & Synthesis
    Info: Version 20.1.0 Build 711 06/05/2020 SJ Lite Edition
    Info: Processing started: Tue Jul 27 08:25:21 2021
Info: Command: quartus_map --read_settings_files=on --write_settings_files=off Projeto_2 -c Projeto_2
Warning (18236): Number of processors has not been specified which may cause overloading on shared machines.  Set the global assignment NUM_PARALLEL_PROCESSORS in your QSF to an appropriate value for best performance.
Info (20030): Parallel compilation is enabled and will use 4 of the 4 processors detected
Info (12021): Found 1 design units, including 1 entities, in source file contador_mod_6.tdf
    Info (12023): Found entity 1: contador_mod_6 File: D:/GitHub/Despertador_AHDL/Despertador-AHDL/contador_mod_6.tdf Line: 1
Info (12021): Found 1 design units, including 1 entities, in source file contador_mod_10.tdf
    Info (12023): Found entity 1: contador_mod_10 File: D:/GitHub/Despertador_AHDL/Despertador-AHDL/contador_mod_10.tdf Line: 1
Info (12021): Found 1 design units, including 1 entities, in source file contador_mod_24.tdf
    Info (12023): Found entity 1: contador_mod_24 File: D:/GitHub/Despertador_AHDL/Despertador-AHDL/contador_mod_24.tdf Line: 1
Warning (287013): Variable or input pin "t" is defined but never used. File: D:/GitHub/Despertador_AHDL/Despertador-AHDL/divisor_clock.tdf Line: 18
Info (12021): Found 1 design units, including 1 entities, in source file divisor_clock.tdf
    Info (12023): Found entity 1: divisor_clock File: D:/GitHub/Despertador_AHDL/Despertador-AHDL/divisor_clock.tdf Line: 4
Info (12021): Found 1 design units, including 1 entities, in source file bcd_7segment_decoder.tdf
    Info (12023): Found entity 1: BCD_7Segment_Decoder File: D:/GitHub/Despertador_AHDL/Despertador-AHDL/BCD_7Segment_Decoder.tdf Line: 1
Info (12021): Found 1 design units, including 1 entities, in source file multiplexador_display.tdf
    Info (12023): Found entity 1: multiplexador_display File: D:/GitHub/Despertador_AHDL/Despertador-AHDL/multiplexador_display.tdf Line: 1
Info (12021): Found 1 design units, including 1 entities, in source file 2x4_decoder.tdf
    Info (12023): Found entity 1: 2x4_decoder File: D:/GitHub/Despertador_AHDL/Despertador-AHDL/2x4_decoder.tdf Line: 1
Info (12021): Found 1 design units, including 1 entities, in source file contador_mod_4.tdf
    Info (12023): Found entity 1: contador_mod_4 File: D:/GitHub/Despertador_AHDL/Despertador-AHDL/contador_mod_4.tdf Line: 1
Info (12021): Found 1 design units, including 1 entities, in source file despertador.tdf
    Info (12023): Found entity 1: despertador File: D:/GitHub/Despertador_AHDL/Despertador-AHDL/despertador.tdf Line: 13
Info (12021): Found 1 design units, including 1 entities, in source file contador_mod_5.tdf
    Info (12023): Found entity 1: contador_mod_5 File: D:/GitHub/Despertador_AHDL/Despertador-AHDL/contador_mod_5.tdf Line: 1
Warning (287013): Variable or input pin "t" is defined but never used. File: D:/GitHub/Despertador_AHDL/Despertador-AHDL/display_clock.tdf Line: 20
Info (12021): Found 1 design units, including 1 entities, in source file display_clock.tdf
    Info (12023): Found entity 1: display_clock File: D:/GitHub/Despertador_AHDL/Despertador-AHDL/display_clock.tdf Line: 6
Warning (287013): Variable or input pin "t" is defined but never used. File: D:/GitHub/Despertador_AHDL/Despertador-AHDL/contador_clock.tdf Line: 22
Info (12021): Found 1 design units, including 1 entities, in source file contador_clock.tdf
    Info (12023): Found entity 1: contador_clock File: D:/GitHub/Despertador_AHDL/Despertador-AHDL/contador_clock.tdf Line: 7
Info (12021): Found 1 design units, including 1 entities, in source file contador_mod_25.tdf
    Info (12023): Found entity 1: contador_mod_25 File: D:/GitHub/Despertador_AHDL/Despertador-AHDL/contador_mod_25.tdf Line: 1
Info (12021): Found 1 design units, including 1 entities, in source file contador_mod_60.tdf
    Info (12023): Found entity 1: contador_mod_60 File: D:/GitHub/Despertador_AHDL/Despertador-AHDL/contador_mod_60.tdf Line: 1
Info (12021): Found 1 design units, including 1 entities, in source file frequencia_contador_1hz.tdf
    Info (12023): Found entity 1: frequencia_contador_1Hz File: D:/GitHub/Despertador_AHDL/Despertador-AHDL/frequencia_contador_1Hz.tdf Line: 1
Info (12021): Found 1 design units, including 1 entities, in source file selecionador_digito.tdf
    Info (12023): Found entity 1: selecionador_digito File: D:/GitHub/Despertador_AHDL/Despertador-AHDL/selecionador_digito.tdf Line: 1
Info (12127): Elaborating entity "despertador" for the top level hierarchy
Info (12128): Elaborating entity "frequencia_contador_1Hz" for hierarchy "frequencia_contador_1Hz:cont_clock" File: D:/GitHub/Despertador_AHDL/Despertador-AHDL/despertador.tdf Line: 32
Info (12128): Elaborating entity "display_clock" for hierarchy "display_clock:refresh_clock" File: D:/GitHub/Despertador_AHDL/Despertador-AHDL/despertador.tdf Line: 33
Info (12128): Elaborating entity "contador_mod_5" for hierarchy "display_clock:refresh_clock|contador_mod_5:mod5" File: D:/GitHub/Despertador_AHDL/Despertador-AHDL/display_clock.tdf Line: 13
Info (12128): Elaborating entity "contador_mod_10" for hierarchy "display_clock:refresh_clock|contador_mod_10:mod10" File: D:/GitHub/Despertador_AHDL/Despertador-AHDL/display_clock.tdf Line: 17
Info (12128): Elaborating entity "contador_mod_24" for hierarchy "contador_mod_24:mod24" File: D:/GitHub/Despertador_AHDL/Despertador-AHDL/despertador.tdf Line: 36
Info (12128): Elaborating entity "contador_mod_6" for hierarchy "contador_mod_6:mod6_min" File: D:/GitHub/Despertador_AHDL/Despertador-AHDL/despertador.tdf Line: 38
Info (12128): Elaborating entity "contador_mod_10" for hierarchy "contador_mod_10:mod10_min" File: D:/GitHub/Despertador_AHDL/Despertador-AHDL/despertador.tdf Line: 39
Info (12128): Elaborating entity "selecionador_digito" for hierarchy "selecionador_digito:select_dig" File: D:/GitHub/Despertador_AHDL/Despertador-AHDL/despertador.tdf Line: 45
Info (12128): Elaborating entity "contador_mod_4" for hierarchy "contador_mod_4:chaveador" File: D:/GitHub/Despertador_AHDL/Despertador-AHDL/despertador.tdf Line: 51
Info (12128): Elaborating entity "multiplexador_display" for hierarchy "multiplexador_display:mux" File: D:/GitHub/Despertador_AHDL/Despertador-AHDL/despertador.tdf Line: 54
Info (12128): Elaborating entity "BCD_7Segment_Decoder" for hierarchy "BCD_7Segment_Decoder:bcd_7Seg_dec" File: D:/GitHub/Despertador_AHDL/Despertador-AHDL/despertador.tdf Line: 57
Info (12128): Elaborating entity "2x4_decoder" for hierarchy "2x4_decoder:decoder" File: D:/GitHub/Despertador_AHDL/Despertador-AHDL/despertador.tdf Line: 60
Warning (13024): Output pins are stuck at VCC or GND
    Warning (13410): Pin "sec_dezenas[3]" is stuck at GND File: D:/GitHub/Despertador_AHDL/Despertador-AHDL/despertador.tdf Line: 21
    Warning (13410): Pin "min_dezenas[3]" is stuck at GND File: D:/GitHub/Despertador_AHDL/Despertador-AHDL/despertador.tdf Line: 21
    Warning (13410): Pin "horas_dezenas[2]" is stuck at GND File: D:/GitHub/Despertador_AHDL/Despertador-AHDL/despertador.tdf Line: 21
    Warning (13410): Pin "horas_dezenas[3]" is stuck at GND File: D:/GitHub/Despertador_AHDL/Despertador-AHDL/despertador.tdf Line: 21
Info (286030): Timing-Driven Synthesis is running
Info (16010): Generating hard_block partition "hard_block:auto_generated_inst"
    Info (16011): Adding 0 node(s), including 0 DDIO, 0 PLL, 0 transceiver and 0 LCELL
Info (21057): Implemented 238 device resources after synthesis - the final resource count might be different
    Info (21058): Implemented 5 input pins
    Info (21059): Implemented 43 output pins
    Info (21061): Implemented 190 logic cells
Info: Quartus Prime Analysis & Synthesis was successful. 0 errors, 9 warnings
    Info: Peak virtual memory: 617 megabytes
    Info: Processing ended: Tue Jul 27 08:25:32 2021
    Info: Elapsed time: 00:00:11
    Info: Total CPU time (on all processors): 00:00:23


